{"/home/raimundo/Documents/thesis/edition/ldod-mfes/shell/shared/vanilla-jsx/vanilla-jsx.js": {"path":"/home/raimundo/Documents/thesis/edition/ldod-mfes/shell/shared/vanilla-jsx/vanilla-jsx.js","statementMap":{"0":{"start":{"line":1,"column":25},"end":{"line":2,"column":55}},"1":{"start":{"line":2,"column":2},"end":{"line":2,"column":55}},"2":{"start":{"line":4,"column":29},"end":{"line":32,"column":1}},"3":{"start":{"line":5,"column":2},"end":{"line":28,"column":3}},"4":{"start":{"line":6,"column":17},"end":{"line":6,"column":44}},"5":{"start":{"line":8,"column":4},"end":{"line":23,"column":7}},"6":{"start":{"line":9,"column":6},"end":{"line":10,"column":76}},"7":{"start":{"line":10,"column":8},"end":{"line":10,"column":76}},"8":{"start":{"line":12,"column":6},"end":{"line":16,"column":7}},"9":{"start":{"line":13,"column":8},"end":{"line":15,"column":10}},"10":{"start":{"line":14,"column":39},"end":{"line":14,"column":72}},"11":{"start":{"line":18,"column":6},"end":{"line":20,"column":7}},"12":{"start":{"line":19,"column":8},"end":{"line":19,"column":35}},"13":{"start":{"line":22,"column":6},"end":{"line":22,"column":47}},"14":{"start":{"line":25,"column":4},"end":{"line":25,"column":61}},"15":{"start":{"line":25,"column":32},"end":{"line":25,"column":59}},"16":{"start":{"line":27,"column":4},"end":{"line":27,"column":16}},"17":{"start":{"line":29,"column":2},"end":{"line":29,"column":61}},"18":{"start":{"line":29,"column":33},"end":{"line":29,"column":61}},"19":{"start":{"line":31,"column":2},"end":{"line":31,"column":55}},"20":{"start":{"line":34,"column":23},"end":{"line":38,"column":1}},"21":{"start":{"line":35,"column":2},"end":{"line":36,"column":69}},"22":{"start":{"line":36,"column":4},"end":{"line":36,"column":69}},"23":{"start":{"line":36,"column":37},"end":{"line":36,"column":67}},"24":{"start":{"line":37,"column":2},"end":{"line":37,"column":78}},"25":{"start":{"line":40,"column":30},"end":{"line":44,"column":1}},"26":{"start":{"line":41,"column":14},"end":{"line":41,"column":47}},"27":{"start":{"line":42,"column":2},"end":{"line":42,"column":67}},"28":{"start":{"line":42,"column":30},"end":{"line":42,"column":65}},"29":{"start":{"line":43,"column":2},"end":{"line":43,"column":13}}},"fnMap":{"0":{"name":"(anonymous_0)","decl":{"start":{"line":1,"column":25},"end":{"line":1,"column":26}},"loc":{"start":{"line":2,"column":2},"end":{"line":2,"column":55}},"line":2},"1":{"name":"(anonymous_1)","decl":{"start":{"line":4,"column":29},"end":{"line":4,"column":30}},"loc":{"start":{"line":4,"column":58},"end":{"line":32,"column":1}},"line":4},"2":{"name":"(anonymous_2)","decl":{"start":{"line":8,"column":40},"end":{"line":8,"column":41}},"loc":{"start":{"line":8,"column":58},"end":{"line":23,"column":5}},"line":8},"3":{"name":"(anonymous_3)","decl":{"start":{"line":14,"column":10},"end":{"line":14,"column":11}},"loc":{"start":{"line":14,"column":39},"end":{"line":14,"column":72}},"line":14},"4":{"name":"(anonymous_4)","decl":{"start":{"line":25,"column":21},"end":{"line":25,"column":22}},"loc":{"start":{"line":25,"column":32},"end":{"line":25,"column":59}},"line":25},"5":{"name":"(anonymous_5)","decl":{"start":{"line":34,"column":23},"end":{"line":34,"column":24}},"loc":{"start":{"line":34,"column":42},"end":{"line":38,"column":1}},"line":34},"6":{"name":"(anonymous_6)","decl":{"start":{"line":36,"column":25},"end":{"line":36,"column":26}},"loc":{"start":{"line":36,"column":37},"end":{"line":36,"column":67}},"line":36},"7":{"name":"(anonymous_7)","decl":{"start":{"line":40,"column":30},"end":{"line":40,"column":31}},"loc":{"start":{"line":40,"column":47},"end":{"line":44,"column":1}},"line":40},"8":{"name":"(anonymous_8)","decl":{"start":{"line":42,"column":19},"end":{"line":42,"column":20}},"loc":{"start":{"line":42,"column":30},"end":{"line":42,"column":65}},"line":42}},"branchMap":{"0":{"loc":{"start":{"line":2,"column":2},"end":{"line":2,"column":55}},"type":"binary-expr","locations":[{"start":{"line":2,"column":2},"end":{"line":2,"column":23}},{"start":{"line":2,"column":27},"end":{"line":2,"column":55}}],"line":2},"1":{"loc":{"start":{"line":5,"column":2},"end":{"line":28,"column":3}},"type":"if","locations":[{"start":{"line":5,"column":2},"end":{"line":28,"column":3}},{"start":{},"end":{}}],"line":5},"2":{"loc":{"start":{"line":8,"column":19},"end":{"line":8,"column":30}},"type":"binary-expr","locations":[{"start":{"line":8,"column":19},"end":{"line":8,"column":24}},{"start":{"line":8,"column":28},"end":{"line":8,"column":30}}],"line":8},"3":{"loc":{"start":{"line":9,"column":6},"end":{"line":10,"column":76}},"type":"if","locations":[{"start":{"line":9,"column":6},"end":{"line":10,"column":76}},{"start":{},"end":{}}],"line":9},"4":{"loc":{"start":{"line":12,"column":6},"end":{"line":16,"column":7}},"type":"if","locations":[{"start":{"line":12,"column":6},"end":{"line":16,"column":7}},{"start":{},"end":{}}],"line":12},"5":{"loc":{"start":{"line":18,"column":6},"end":{"line":20,"column":7}},"type":"if","locations":[{"start":{"line":18,"column":6},"end":{"line":20,"column":7}},{"start":{},"end":{}}],"line":18},"6":{"loc":{"start":{"line":18,"column":10},"end":{"line":18,"column":66}},"type":"binary-expr","locations":[{"start":{"line":18,"column":10},"end":{"line":18,"column":37}},{"start":{"line":18,"column":41},"end":{"line":18,"column":66}}],"line":18},"7":{"loc":{"start":{"line":29,"column":2},"end":{"line":29,"column":61}},"type":"if","locations":[{"start":{"line":29,"column":2},"end":{"line":29,"column":61}},{"start":{},"end":{}}],"line":29},"8":{"loc":{"start":{"line":35,"column":2},"end":{"line":36,"column":69}},"type":"if","locations":[{"start":{"line":35,"column":2},"end":{"line":36,"column":69}},{"start":{},"end":{}}],"line":35},"9":{"loc":{"start":{"line":37,"column":21},"end":{"line":37,"column":76}},"type":"cond-expr","locations":[{"start":{"line":37,"column":38},"end":{"line":37,"column":43}},{"start":{"line":37,"column":46},"end":{"line":37,"column":76}}],"line":37},"10":{"loc":{"start":{"line":42,"column":30},"end":{"line":42,"column":65}},"type":"binary-expr","locations":[{"start":{"line":42,"column":30},"end":{"line":42,"column":35}},{"start":{"line":42,"column":39},"end":{"line":42,"column":65}}],"line":42}},"s":{"0":1,"1":9,"2":1,"3":21,"4":19,"5":19,"6":9,"7":1,"8":8,"9":1,"10":2,"11":7,"12":2,"13":5,"14":19,"15":9,"16":19,"17":2,"18":1,"19":1,"20":1,"21":12,"22":1,"23":1,"24":11,"25":1,"26":1,"27":1,"28":2,"29":1},"f":{"0":9,"1":21,"2":9,"3":2,"4":9,"5":12,"6":1,"7":1,"8":2},"b":{"0":[9,1],"1":[19,2],"2":[19,8],"3":[1,8],"4":[1,7],"5":[2,5],"6":[7,6],"7":[1,1],"8":[1,11],"9":[10,1],"10":[2,2]},"_coverageSchema":"1a1c01bbd47fc00a2c39e90264f33305004495a9","hash":"edaef9c4399d57356ba303325aba3c6e3e04bd0b"}
}
