{"/home/raimundo/Documents/thesis/edition/ldod-mfes/shell/shared/router/src/LdodRouter.js": {"path":"/home/raimundo/Documents/thesis/edition/ldod-mfes/shell/shared/router/src/LdodRouter.js","statementMap":{"0":{"start":{"line":3,"column":4},"end":{"line":3,"column":12}},"1":{"start":{"line":7,"column":17},"end":{"line":7,"column":34}},"2":{"start":{"line":8,"column":4},"end":{"line":10,"column":27}},"3":{"start":{"line":14,"column":4},"end":{"line":14,"column":44}},"4":{"start":{"line":18,"column":4},"end":{"line":18,"column":58}},"5":{"start":{"line":18,"column":37},"end":{"line":18,"column":58}},"6":{"start":{"line":19,"column":17},"end":{"line":19,"column":50}},"7":{"start":{"line":20,"column":4},"end":{"line":20,"column":62}},"8":{"start":{"line":24,"column":4},"end":{"line":26,"column":6}},"9":{"start":{"line":29,"column":17},"end":{"line":29,"column":47}},"10":{"start":{"line":29,"column":27},"end":{"line":29,"column":47}},"11":{"start":{"line":31,"column":21},"end":{"line":32,"column":70}},"12":{"start":{"line":32,"column":4},"end":{"line":32,"column":70}},"13":{"start":{"line":35,"column":4},"end":{"line":35,"column":29}},"14":{"start":{"line":36,"column":4},"end":{"line":36,"column":29}},"15":{"start":{"line":37,"column":4},"end":{"line":37,"column":33}},"16":{"start":{"line":41,"column":4},"end":{"line":41,"column":74}},"17":{"start":{"line":42,"column":4},"end":{"line":42,"column":64}},"18":{"start":{"line":46,"column":4},"end":{"line":46,"column":71}},"19":{"start":{"line":47,"column":4},"end":{"line":47,"column":61}},"20":{"start":{"line":50,"column":13},"end":{"line":54,"column":3}},"21":{"start":{"line":51,"column":4},"end":{"line":51,"column":55}},"22":{"start":{"line":51,"column":48},"end":{"line":51,"column":55}},"23":{"start":{"line":52,"column":4},"end":{"line":52,"column":69}},"24":{"start":{"line":53,"column":4},"end":{"line":53,"column":18}},"25":{"start":{"line":56,"column":21},"end":{"line":57,"column":54}},"26":{"start":{"line":57,"column":4},"end":{"line":57,"column":54}},"27":{"start":{"line":59,"column":19},"end":{"line":61,"column":3}},"28":{"start":{"line":60,"column":4},"end":{"line":60,"column":73}},"29":{"start":{"line":64,"column":4},"end":{"line":64,"column":51}},"30":{"start":{"line":64,"column":44},"end":{"line":64,"column":51}},"31":{"start":{"line":65,"column":4},"end":{"line":65,"column":33}},"32":{"start":{"line":67,"column":18},"end":{"line":67,"column":48}},"33":{"start":{"line":68,"column":4},"end":{"line":72,"column":8}},"34":{"start":{"line":73,"column":4},"end":{"line":73,"column":34}},"35":{"start":{"line":77,"column":18},"end":{"line":77,"column":44}},"36":{"start":{"line":78,"column":4},"end":{"line":78,"column":40}},"37":{"start":{"line":82,"column":0},"end":{"line":82,"column":49}}},"fnMap":{"0":{"name":"(anonymous_0)","decl":{"start":{"line":2,"column":2},"end":{"line":2,"column":3}},"loc":{"start":{"line":2,"column":16},"end":{"line":4,"column":3}},"line":2},"1":{"name":"(anonymous_1)","decl":{"start":{"line":6,"column":2},"end":{"line":6,"column":3}},"loc":{"start":{"line":6,"column":17},"end":{"line":11,"column":3}},"line":6},"2":{"name":"(anonymous_2)","decl":{"start":{"line":13,"column":2},"end":{"line":13,"column":3}},"loc":{"start":{"line":13,"column":13},"end":{"line":15,"column":3}},"line":13},"3":{"name":"(anonymous_3)","decl":{"start":{"line":17,"column":2},"end":{"line":17,"column":3}},"loc":{"start":{"line":17,"column":19},"end":{"line":21,"column":3}},"line":17},"4":{"name":"(anonymous_4)","decl":{"start":{"line":23,"column":2},"end":{"line":23,"column":3}},"loc":{"start":{"line":23,"column":15},"end":{"line":27,"column":3}},"line":23},"5":{"name":"(anonymous_5)","decl":{"start":{"line":29,"column":17},"end":{"line":29,"column":18}},"loc":{"start":{"line":29,"column":27},"end":{"line":29,"column":47}},"line":29},"6":{"name":"(anonymous_6)","decl":{"start":{"line":31,"column":21},"end":{"line":31,"column":22}},"loc":{"start":{"line":32,"column":4},"end":{"line":32,"column":70}},"line":32},"7":{"name":"(anonymous_7)","decl":{"start":{"line":34,"column":2},"end":{"line":34,"column":3}},"loc":{"start":{"line":34,"column":28},"end":{"line":38,"column":3}},"line":34},"8":{"name":"(anonymous_8)","decl":{"start":{"line":40,"column":2},"end":{"line":40,"column":3}},"loc":{"start":{"line":40,"column":25},"end":{"line":43,"column":3}},"line":40},"9":{"name":"(anonymous_9)","decl":{"start":{"line":45,"column":2},"end":{"line":45,"column":3}},"loc":{"start":{"line":45,"column":22},"end":{"line":48,"column":3}},"line":45},"10":{"name":"(anonymous_10)","decl":{"start":{"line":50,"column":13},"end":{"line":50,"column":14}},"loc":{"start":{"line":50,"column":23},"end":{"line":54,"column":3}},"line":50},"11":{"name":"(anonymous_11)","decl":{"start":{"line":56,"column":21},"end":{"line":56,"column":22}},"loc":{"start":{"line":57,"column":4},"end":{"line":57,"column":54}},"line":57},"12":{"name":"(anonymous_12)","decl":{"start":{"line":59,"column":19},"end":{"line":59,"column":20}},"loc":{"start":{"line":59,"column":26},"end":{"line":61,"column":3}},"line":59},"13":{"name":"(anonymous_13)","decl":{"start":{"line":63,"column":2},"end":{"line":63,"column":3}},"loc":{"start":{"line":63,"column":17},"end":{"line":74,"column":3}},"line":63},"14":{"name":"(anonymous_14)","decl":{"start":{"line":76,"column":2},"end":{"line":76,"column":3}},"loc":{"start":{"line":76,"column":17},"end":{"line":79,"column":3}},"line":76}},"branchMap":{"0":{"loc":{"start":{"line":8,"column":11},"end":{"line":10,"column":26}},"type":"cond-expr","locations":[{"start":{"line":9,"column":8},"end":{"line":9,"column":56}},{"start":{"line":10,"column":8},"end":{"line":10,"column":26}}],"line":8},"1":{"loc":{"start":{"line":8,"column":11},"end":{"line":8,"column":45}},"type":"binary-expr","locations":[{"start":{"line":8,"column":11},"end":{"line":8,"column":23}},{"start":{"line":8,"column":27},"end":{"line":8,"column":45}}],"line":8},"2":{"loc":{"start":{"line":14,"column":11},"end":{"line":14,"column":43}},"type":"binary-expr","locations":[{"start":{"line":14,"column":11},"end":{"line":14,"column":36}},{"start":{"line":14,"column":40},"end":{"line":14,"column":43}}],"line":14},"3":{"loc":{"start":{"line":18,"column":4},"end":{"line":18,"column":58}},"type":"if","locations":[{"start":{"line":18,"column":4},"end":{"line":18,"column":58}},{"start":{},"end":{}}],"line":18},"4":{"loc":{"start":{"line":20,"column":11},"end":{"line":20,"column":61}},"type":"binary-expr","locations":[{"start":{"line":20,"column":11},"end":{"line":20,"column":15}},{"start":{"line":20,"column":20},"end":{"line":20,"column":60}}],"line":20},"5":{"loc":{"start":{"line":20,"column":20},"end":{"line":20,"column":60}},"type":"cond-expr","locations":[{"start":{"line":20,"column":43},"end":{"line":20,"column":47}},{"start":{"line":20,"column":50},"end":{"line":20,"column":60}}],"line":20},"6":{"loc":{"start":{"line":25,"column":6},"end":{"line":25,"column":80}},"type":"binary-expr","locations":[{"start":{"line":25,"column":6},"end":{"line":25,"column":39}},{"start":{"line":25,"column":43},"end":{"line":25,"column":80}}],"line":25},"7":{"loc":{"start":{"line":32,"column":4},"end":{"line":32,"column":70}},"type":"binary-expr","locations":[{"start":{"line":32,"column":4},"end":{"line":32,"column":8}},{"start":{"line":32,"column":13},"end":{"line":32,"column":31}},{"start":{"line":32,"column":36},"end":{"line":32,"column":60}},{"start":{"line":32,"column":64},"end":{"line":32,"column":68}}],"line":32},"8":{"loc":{"start":{"line":51,"column":4},"end":{"line":51,"column":55}},"type":"if","locations":[{"start":{"line":51,"column":4},"end":{"line":51,"column":55}},{"start":{},"end":{}}],"line":51},"9":{"loc":{"start":{"line":51,"column":8},"end":{"line":51,"column":46}},"type":"binary-expr","locations":[{"start":{"line":51,"column":8},"end":{"line":51,"column":19}},{"start":{"line":51,"column":23},"end":{"line":51,"column":46}}],"line":51},"10":{"loc":{"start":{"line":52,"column":4},"end":{"line":52,"column":68}},"type":"binary-expr","locations":[{"start":{"line":52,"column":4},"end":{"line":52,"column":26}},{"start":{"line":52,"column":30},"end":{"line":52,"column":68}}],"line":52},"11":{"loc":{"start":{"line":57,"column":4},"end":{"line":57,"column":54}},"type":"binary-expr","locations":[{"start":{"line":57,"column":4},"end":{"line":57,"column":31}},{"start":{"line":57,"column":35},"end":{"line":57,"column":54}}],"line":57},"12":{"loc":{"start":{"line":60,"column":4},"end":{"line":60,"column":72}},"type":"binary-expr","locations":[{"start":{"line":60,"column":4},"end":{"line":60,"column":40}},{"start":{"line":60,"column":44},"end":{"line":60,"column":72}}],"line":60},"13":{"loc":{"start":{"line":64,"column":4},"end":{"line":64,"column":51}},"type":"if","locations":[{"start":{"line":64,"column":4},"end":{"line":64,"column":51}},{"start":{},"end":{}}],"line":64},"14":{"loc":{"start":{"line":65,"column":4},"end":{"line":65,"column":32}},"type":"binary-expr","locations":[{"start":{"line":65,"column":4},"end":{"line":65,"column":15}},{"start":{"line":65,"column":19},"end":{"line":65,"column":32}}],"line":65},"15":{"loc":{"start":{"line":68,"column":4},"end":{"line":72,"column":7}},"type":"binary-expr","locations":[{"start":{"line":68,"column":4},"end":{"line":68,"column":9}},{"start":{"line":69,"column":6},"end":{"line":72,"column":7}}],"line":68},"16":{"loc":{"start":{"line":70,"column":8},"end":{"line":70,"column":54}},"type":"binary-expr","locations":[{"start":{"line":70,"column":8},"end":{"line":70,"column":21}},{"start":{"line":70,"column":25},"end":{"line":70,"column":54}}],"line":70},"17":{"loc":{"start":{"line":78,"column":4},"end":{"line":78,"column":39}},"type":"binary-expr","locations":[{"start":{"line":78,"column":4},"end":{"line":78,"column":9}},{"start":{"line":78,"column":13},"end":{"line":78,"column":39}}],"line":78}},"s":{"0":20,"1":148,"2":148,"3":108,"4":57,"5":27,"6":30,"7":30,"8":11,"9":20,"10":31,"11":20,"12":12,"13":11,"14":11,"15":11,"16":11,"17":11,"18":11,"19":11,"20":20,"21":22,"22":1,"23":21,"24":21,"25":20,"26":11,"27":20,"28":1,"29":21,"30":3,"31":18,"32":18,"33":18,"34":18,"35":8,"36":8,"37":1},"f":{"0":20,"1":148,"2":108,"3":57,"4":11,"5":31,"6":12,"7":11,"8":11,"9":11,"10":22,"11":11,"12":1,"13":21,"14":8},"b":{"0":[14,134],"1":[148,85],"2":[108,80],"3":[27,30],"4":[30,28],"5":[6,22],"6":[11,11],"7":[12,12,9,8],"8":[1,21],"9":[22,10],"10":[21,8],"11":[11,10],"12":[1,1],"13":[3,18],"14":[18,8],"15":[18,17],"16":[17,2],"17":[8,8]},"_coverageSchema":"1a1c01bbd47fc00a2c39e90264f33305004495a9","hash":"29f301bd2aa7da67b1388528a428406290750606"}
,"/home/raimundo/Documents/thesis/edition/ldod-mfes/shell/shared/router/src/NavTo.js": {"path":"/home/raimundo/Documents/thesis/edition/ldod-mfes/shell/shared/router/src/NavTo.js","statementMap":{"0":{"start":{"line":3,"column":4},"end":{"line":3,"column":12}},"1":{"start":{"line":7,"column":4},"end":{"line":7,"column":35}},"2":{"start":{"line":11,"column":4},"end":{"line":11,"column":49}},"3":{"start":{"line":15,"column":4},"end":{"line":15,"column":23}},"4":{"start":{"line":16,"column":4},"end":{"line":16,"column":25}},"5":{"start":{"line":20,"column":4},"end":{"line":26,"column":6}},"6":{"start":{"line":30,"column":0},"end":{"line":30,"column":57}}},"fnMap":{"0":{"name":"(anonymous_0)","decl":{"start":{"line":2,"column":2},"end":{"line":2,"column":3}},"loc":{"start":{"line":2,"column":16},"end":{"line":4,"column":3}},"line":2},"1":{"name":"(anonymous_1)","decl":{"start":{"line":6,"column":2},"end":{"line":6,"column":3}},"loc":{"start":{"line":6,"column":11},"end":{"line":8,"column":3}},"line":6},"2":{"name":"(anonymous_2)","decl":{"start":{"line":10,"column":2},"end":{"line":10,"column":3}},"loc":{"start":{"line":10,"column":22},"end":{"line":12,"column":3}},"line":10},"3":{"name":"(anonymous_3)","decl":{"start":{"line":14,"column":2},"end":{"line":14,"column":3}},"loc":{"start":{"line":14,"column":13},"end":{"line":17,"column":3}},"line":14},"4":{"name":"(anonymous_4)","decl":{"start":{"line":19,"column":2},"end":{"line":19,"column":3}},"loc":{"start":{"line":19,"column":18},"end":{"line":27,"column":3}},"line":19}},"branchMap":{},"s":{"0":1,"1":2,"2":1,"3":2,"4":2,"5":2,"6":1},"f":{"0":1,"1":2,"2":1,"3":2,"4":2},"b":{},"_coverageSchema":"1a1c01bbd47fc00a2c39e90264f33305004495a9","hash":"da47bcc4fe437750fa069c89e6085a9540e82426"}
}
