{"/home/raimundo/Documents/thesis/edition/ldod-mfes/shell/shared/store/src/Store.js": {"path":"/home/raimundo/Documents/thesis/edition/ldod-mfes/shell/shared/store/src/Store.js","statementMap":{"0":{"start":{"line":13,"column":4},"end":{"line":13,"column":77}},"1":{"start":{"line":14,"column":4},"end":{"line":14,"column":32}},"2":{"start":{"line":15,"column":4},"end":{"line":15,"column":30}},"3":{"start":{"line":16,"column":4},"end":{"line":22,"column":5}},"4":{"start":{"line":17,"column":6},"end":{"line":17,"column":44}},"5":{"start":{"line":18,"column":22},"end":{"line":18,"column":58}},"6":{"start":{"line":19,"column":6},"end":{"line":21,"column":80}},"7":{"start":{"line":26,"column":4},"end":{"line":26,"column":34}},"8":{"start":{"line":27,"column":4},"end":{"line":27,"column":50}},"9":{"start":{"line":27,"column":17},"end":{"line":27,"column":49}},"10":{"start":{"line":31,"column":4},"end":{"line":31,"column":28}},"11":{"start":{"line":35,"column":4},"end":{"line":35,"column":58}},"12":{"start":{"line":39,"column":4},"end":{"line":39,"column":23}},"13":{"start":{"line":39,"column":16},"end":{"line":39,"column":23}},"14":{"start":{"line":40,"column":4},"end":{"line":43,"column":20}},"15":{"start":{"line":44,"column":22},"end":{"line":44,"column":78}},"16":{"start":{"line":45,"column":4},"end":{"line":56,"column":5}},"17":{"start":{"line":46,"column":28},"end":{"line":46,"column":39}},"18":{"start":{"line":47,"column":6},"end":{"line":47,"column":75}},"19":{"start":{"line":48,"column":6},"end":{"line":52,"column":10}},"20":{"start":{"line":49,"column":8},"end":{"line":52,"column":10}},"21":{"start":{"line":53,"column":6},"end":{"line":55,"column":8}},"22":{"start":{"line":54,"column":8},"end":{"line":54,"column":44}}},"fnMap":{"0":{"name":"(anonymous_0)","decl":{"start":{"line":12,"column":2},"end":{"line":12,"column":3}},"loc":{"start":{"line":12,"column":49},"end":{"line":23,"column":3}},"line":12},"1":{"name":"(anonymous_1)","decl":{"start":{"line":25,"column":2},"end":{"line":25,"column":3}},"loc":{"start":{"line":25,"column":22},"end":{"line":28,"column":3}},"line":25},"2":{"name":"(anonymous_2)","decl":{"start":{"line":27,"column":11},"end":{"line":27,"column":12}},"loc":{"start":{"line":27,"column":17},"end":{"line":27,"column":49}},"line":27},"3":{"name":"(anonymous_3)","decl":{"start":{"line":30,"column":2},"end":{"line":30,"column":3}},"loc":{"start":{"line":30,"column":12},"end":{"line":32,"column":3}},"line":30},"4":{"name":"(anonymous_4)","decl":{"start":{"line":34,"column":2},"end":{"line":34,"column":3}},"loc":{"start":{"line":34,"column":21},"end":{"line":36,"column":3}},"line":34},"5":{"name":"(anonymous_5)","decl":{"start":{"line":38,"column":2},"end":{"line":38,"column":3}},"loc":{"start":{"line":38,"column":27},"end":{"line":57,"column":3}},"line":38},"6":{"name":"(anonymous_6)","decl":{"start":{"line":53,"column":30},"end":{"line":53,"column":31}},"loc":{"start":{"line":54,"column":8},"end":{"line":54,"column":44}},"line":54}},"branchMap":{"0":{"loc":{"start":{"line":12,"column":21},"end":{"line":12,"column":47}},"type":"default-arg","locations":[{"start":{"line":12,"column":45},"end":{"line":12,"column":47}}],"line":12},"1":{"loc":{"start":{"line":13,"column":18},"end":{"line":13,"column":76}},"type":"cond-expr","locations":[{"start":{"line":13,"column":46},"end":{"line":13,"column":51}},{"start":{"line":13,"column":54},"end":{"line":13,"column":76}}],"line":13},"2":{"loc":{"start":{"line":13,"column":54},"end":{"line":13,"column":76}},"type":"cond-expr","locations":[{"start":{"line":13,"column":62},"end":{"line":13,"column":71}},{"start":{"line":13,"column":74},"end":{"line":13,"column":76}}],"line":13},"3":{"loc":{"start":{"line":16,"column":4},"end":{"line":22,"column":5}},"type":"if","locations":[{"start":{"line":16,"column":4},"end":{"line":22,"column":5}},{"start":{},"end":{}}],"line":16},"4":{"loc":{"start":{"line":16,"column":8},"end":{"line":16,"column":27}},"type":"binary-expr","locations":[{"start":{"line":16,"column":8},"end":{"line":16,"column":19}},{"start":{"line":16,"column":23},"end":{"line":16,"column":27}}],"line":16},"5":{"loc":{"start":{"line":19,"column":6},"end":{"line":21,"column":79}},"type":"cond-expr","locations":[{"start":{"line":20,"column":10},"end":{"line":20,"column":38}},{"start":{"line":21,"column":10},"end":{"line":21,"column":79}}],"line":19},"6":{"loc":{"start":{"line":35,"column":11},"end":{"line":35,"column":57}},"type":"cond-expr","locations":[{"start":{"line":35,"column":22},"end":{"line":35,"column":43}},{"start":{"line":35,"column":46},"end":{"line":35,"column":57}}],"line":35},"7":{"loc":{"start":{"line":39,"column":4},"end":{"line":39,"column":23}},"type":"if","locations":[{"start":{"line":39,"column":4},"end":{"line":39,"column":23}},{"start":{},"end":{}}],"line":39},"8":{"loc":{"start":{"line":41,"column":6},"end":{"line":43,"column":19}},"type":"cond-expr","locations":[{"start":{"line":42,"column":10},"end":{"line":42,"column":15}},{"start":{"line":43,"column":10},"end":{"line":43,"column":19}}],"line":41},"9":{"loc":{"start":{"line":41,"column":6},"end":{"line":41,"column":62}},"type":"binary-expr","locations":[{"start":{"line":41,"column":6},"end":{"line":41,"column":31}},{"start":{"line":41,"column":35},"end":{"line":41,"column":62}}],"line":41},"10":{"loc":{"start":{"line":44,"column":22},"end":{"line":44,"column":78}},"type":"cond-expr","locations":[{"start":{"line":44,"column":52},"end":{"line":44,"column":70}},{"start":{"line":44,"column":73},"end":{"line":44,"column":78}}],"line":44},"11":{"loc":{"start":{"line":45,"column":4},"end":{"line":56,"column":5}},"type":"if","locations":[{"start":{"line":45,"column":4},"end":{"line":56,"column":5}},{"start":{},"end":{}}],"line":45},"12":{"loc":{"start":{"line":47,"column":20},"end":{"line":47,"column":74}},"type":"cond-expr","locations":[{"start":{"line":47,"column":30},"end":{"line":47,"column":39}},{"start":{"line":47,"column":42},"end":{"line":47,"column":74}}],"line":47},"13":{"loc":{"start":{"line":48,"column":6},"end":{"line":52,"column":10}},"type":"if","locations":[{"start":{"line":48,"column":6},"end":{"line":52,"column":10}},{"start":{},"end":{}}],"line":48},"14":{"loc":{"start":{"line":48,"column":10},"end":{"line":48,"column":59}},"type":"binary-expr","locations":[{"start":{"line":48,"column":10},"end":{"line":48,"column":36}},{"start":{"line":48,"column":40},"end":{"line":48,"column":59}}],"line":48}},"s":{"0":29,"1":29,"2":29,"3":29,"4":9,"5":9,"6":9,"7":4,"8":4,"9":1,"10":1,"11":17,"12":20,"13":1,"14":19,"15":19,"16":19,"17":18,"18":18,"19":18,"20":4,"21":18,"22":1},"f":{"0":29,"1":4,"2":1,"3":1,"4":17,"5":20,"6":1},"b":{"0":[20],"1":[24,5],"2":[4,1],"3":[9,20],"4":[29,9],"5":[3,6],"6":[1,16],"7":[1,19],"8":[18,1],"9":[19,6],"10":[5,14],"11":[18,1],"12":[4,14],"13":[4,14],"14":[18,4]},"_coverageSchema":"1a1c01bbd47fc00a2c39e90264f33305004495a9","hash":"645d44ed074dc97d29a732c51fe2a06b738a60a0"}
,"/home/raimundo/Documents/thesis/edition/ldod-mfes/shell/shared/store/src/utils.js": {"path":"/home/raimundo/Documents/thesis/edition/ldod-mfes/shell/shared/store/src/utils.js","statementMap":{"0":{"start":{"line":1,"column":29},"end":{"line":4,"column":1}},"1":{"start":{"line":2,"column":18},"end":{"line":2,"column":49}},"2":{"start":{"line":3,"column":2},"end":{"line":3,"column":49}},"3":{"start":{"line":6,"column":27},"end":{"line":10,"column":8}},"4":{"start":{"line":7,"column":2},"end":{"line":10,"column":8}},"5":{"start":{"line":8,"column":4},"end":{"line":8,"column":61}},"6":{"start":{"line":8,"column":40},"end":{"line":8,"column":61}},"7":{"start":{"line":9,"column":4},"end":{"line":9,"column":16}},"8":{"start":{"line":12,"column":26},"end":{"line":16,"column":1}},"9":{"start":{"line":13,"column":16},"end":{"line":13,"column":49}},"10":{"start":{"line":14,"column":2},"end":{"line":14,"column":23}},"11":{"start":{"line":14,"column":16},"end":{"line":14,"column":23}},"12":{"start":{"line":15,"column":2},"end":{"line":15,"column":55}},"13":{"start":{"line":18,"column":29},"end":{"line":19,"column":51}},"14":{"start":{"line":19,"column":2},"end":{"line":19,"column":51}},"15":{"start":{"line":21,"column":27},"end":{"line":21,"column":66}},"16":{"start":{"line":21,"column":37},"end":{"line":21,"column":66}},"17":{"start":{"line":23,"column":26},"end":{"line":29,"column":1}},"18":{"start":{"line":24,"column":16},"end":{"line":24,"column":42}},"19":{"start":{"line":25,"column":2},"end":{"line":25,"column":35}},"20":{"start":{"line":26,"column":2},"end":{"line":26,"column":70}},"21":{"start":{"line":26,"column":49},"end":{"line":26,"column":67}},"22":{"start":{"line":27,"column":2},"end":{"line":27,"column":27}},"23":{"start":{"line":28,"column":2},"end":{"line":28,"column":38}},"24":{"start":{"line":31,"column":24},"end":{"line":48,"column":1}},"25":{"start":{"line":32,"column":21},"end":{"line":32,"column":61}},"26":{"start":{"line":32,"column":33},"end":{"line":32,"column":61}},"27":{"start":{"line":33,"column":19},"end":{"line":33,"column":52}},"28":{"start":{"line":33,"column":26},"end":{"line":33,"column":52}},"29":{"start":{"line":34,"column":19},"end":{"line":34,"column":48}},"30":{"start":{"line":34,"column":35},"end":{"line":34,"column":48}},"31":{"start":{"line":36,"column":2},"end":{"line":40,"column":17}},"32":{"start":{"line":40,"column":4},"end":{"line":40,"column":17}},"33":{"start":{"line":42,"column":2},"end":{"line":47,"column":5}},"34":{"start":{"line":43,"column":25},"end":{"line":43,"column":55}},"35":{"start":{"line":44,"column":4},"end":{"line":45,"column":63}},"36":{"start":{"line":45,"column":6},"end":{"line":45,"column":63}},"37":{"start":{"line":46,"column":4},"end":{"line":46,"column":40}}},"fnMap":{"0":{"name":"(anonymous_0)","decl":{"start":{"line":1,"column":29},"end":{"line":1,"column":30}},"loc":{"start":{"line":1,"column":44},"end":{"line":4,"column":1}},"line":1},"1":{"name":"(anonymous_1)","decl":{"start":{"line":6,"column":27},"end":{"line":6,"column":28}},"loc":{"start":{"line":7,"column":2},"end":{"line":10,"column":8}},"line":7},"2":{"name":"(anonymous_2)","decl":{"start":{"line":7,"column":26},"end":{"line":7,"column":27}},"loc":{"start":{"line":7,"column":41},"end":{"line":10,"column":3}},"line":7},"3":{"name":"(anonymous_3)","decl":{"start":{"line":12,"column":26},"end":{"line":12,"column":27}},"loc":{"start":{"line":12,"column":49},"end":{"line":16,"column":1}},"line":12},"4":{"name":"(anonymous_4)","decl":{"start":{"line":18,"column":29},"end":{"line":18,"column":30}},"loc":{"start":{"line":19,"column":2},"end":{"line":19,"column":51}},"line":19},"5":{"name":"(anonymous_5)","decl":{"start":{"line":21,"column":27},"end":{"line":21,"column":28}},"loc":{"start":{"line":21,"column":37},"end":{"line":21,"column":66}},"line":21},"6":{"name":"(anonymous_6)","decl":{"start":{"line":23,"column":26},"end":{"line":23,"column":27}},"loc":{"start":{"line":23,"column":43},"end":{"line":29,"column":1}},"line":23},"7":{"name":"(anonymous_7)","decl":{"start":{"line":26,"column":32},"end":{"line":26,"column":33}},"loc":{"start":{"line":26,"column":49},"end":{"line":26,"column":67}},"line":26},"8":{"name":"(anonymous_8)","decl":{"start":{"line":31,"column":24},"end":{"line":31,"column":25}},"loc":{"start":{"line":31,"column":45},"end":{"line":48,"column":1}},"line":31},"9":{"name":"(anonymous_9)","decl":{"start":{"line":32,"column":21},"end":{"line":32,"column":22}},"loc":{"start":{"line":32,"column":33},"end":{"line":32,"column":61}},"line":32},"10":{"name":"(anonymous_10)","decl":{"start":{"line":33,"column":19},"end":{"line":33,"column":20}},"loc":{"start":{"line":33,"column":26},"end":{"line":33,"column":52}},"line":33},"11":{"name":"(anonymous_11)","decl":{"start":{"line":34,"column":19},"end":{"line":34,"column":20}},"loc":{"start":{"line":34,"column":35},"end":{"line":34,"column":48}},"line":34},"12":{"name":"(anonymous_12)","decl":{"start":{"line":42,"column":38},"end":{"line":42,"column":39}},"loc":{"start":{"line":42,"column":61},"end":{"line":47,"column":3}},"line":42}},"branchMap":{"0":{"loc":{"start":{"line":3,"column":9},"end":{"line":3,"column":48}},"type":"cond-expr","locations":[{"start":{"line":3,"column":19},"end":{"line":3,"column":38}},{"start":{"line":3,"column":41},"end":{"line":3,"column":48}}],"line":3},"1":{"loc":{"start":{"line":8,"column":4},"end":{"line":8,"column":61}},"type":"if","locations":[{"start":{"line":8,"column":4},"end":{"line":8,"column":61}},{"start":{},"end":{}}],"line":8},"2":{"loc":{"start":{"line":14,"column":2},"end":{"line":14,"column":23}},"type":"if","locations":[{"start":{"line":14,"column":2},"end":{"line":14,"column":23}},{"start":{},"end":{}}],"line":14},"3":{"loc":{"start":{"line":25,"column":12},"end":{"line":25,"column":34}},"type":"cond-expr","locations":[{"start":{"line":25,"column":22},"end":{"line":25,"column":29}},{"start":{"line":25,"column":32},"end":{"line":25,"column":34}}],"line":25},"4":{"loc":{"start":{"line":32,"column":33},"end":{"line":32,"column":61}},"type":"binary-expr","locations":[{"start":{"line":32,"column":33},"end":{"line":32,"column":45}},{"start":{"line":32,"column":49},"end":{"line":32,"column":61}}],"line":32},"5":{"loc":{"start":{"line":33,"column":26},"end":{"line":33,"column":52}},"type":"binary-expr","locations":[{"start":{"line":33,"column":26},"end":{"line":33,"column":27}},{"start":{"line":33,"column":31},"end":{"line":33,"column":52}}],"line":33},"6":{"loc":{"start":{"line":36,"column":2},"end":{"line":40,"column":17}},"type":"if","locations":[{"start":{"line":36,"column":2},"end":{"line":40,"column":17}},{"start":{},"end":{}}],"line":36},"7":{"loc":{"start":{"line":37,"column":4},"end":{"line":38,"column":67}},"type":"binary-expr","locations":[{"start":{"line":37,"column":4},"end":{"line":37,"column":32}},{"start":{"line":38,"column":4},"end":{"line":38,"column":67}}],"line":37},"8":{"loc":{"start":{"line":44,"column":4},"end":{"line":45,"column":63}},"type":"if","locations":[{"start":{"line":44,"column":4},"end":{"line":45,"column":63}},{"start":{},"end":{}}],"line":44},"9":{"loc":{"start":{"line":45,"column":13},"end":{"line":45,"column":62}},"type":"binary-expr","locations":[{"start":{"line":45,"column":13},"end":{"line":45,"column":32}},{"start":{"line":45,"column":36},"end":{"line":45,"column":62}}],"line":45},"10":{"loc":{"start":{"line":46,"column":11},"end":{"line":46,"column":39}},"type":"binary-expr","locations":[{"start":{"line":46,"column":11},"end":{"line":46,"column":23}},{"start":{"line":46,"column":27},"end":{"line":46,"column":39}}],"line":46}},"s":{"0":3,"1":10,"2":10,"3":3,"4":18,"5":26,"6":22,"7":26,"8":3,"9":9,"10":9,"11":6,"12":3,"13":3,"14":10,"15":3,"16":10,"17":3,"18":10,"19":10,"20":10,"21":14,"22":10,"23":10,"24":3,"25":27,"26":46,"27":27,"28":72,"29":27,"30":1,"31":27,"32":10,"33":17,"34":19,"35":19,"36":1,"37":18},"f":{"0":10,"1":18,"2":26,"3":9,"4":10,"5":10,"6":10,"7":14,"8":27,"9":46,"10":72,"11":1,"12":19},"b":{"0":[4,6],"1":[22,4],"2":[6,3],"3":[4,6],"4":[46,26],"5":[72,69],"6":[10,17],"7":[27,24],"8":[1,18],"9":[1,1],"10":[18,16]},"_coverageSchema":"1a1c01bbd47fc00a2c39e90264f33305004495a9","hash":"858ebf2f11df47c0007b01c661c1b2a9ce7d5d9d"}
}
