<?xml version="1.0" encoding="UTF-8"?>
<testsuite xmlns:xsi="http://www.w3.org/2001/XMLSchema-instance" xsi:noNamespaceSchemaLocation="https://maven.apache.org/surefire/maven-surefire-plugin/xsd/surefire-test-report.xsd" name="pt.ist.socialsoftware.edition.ldod.recommendation.ReadingRecommendationPerformanceTest" time="0.001" tests="1" errors="1" skipped="0" failures="0">
  <properties>
[...]
</properties>
  <testcase name="pt.ist.socialsoftware.edition.ldod.recommendation.ReadingRecommendationPerformanceTest" classname="pt.ist.socialsoftware.edition.ldod.recommendation.ReadingRecommendationPerformanceTest" time="0.001">
    <error message="Config is absent. Explicitly initialize the FenixFramework with FenixFramework.initialize(Config) or via convention by providing a fenix-framework-&lt;NNN&gt;.properties resource before attempting getConfig() (where &lt;NNN&gt; is the name of a BackEnd)." type="pt.ist.fenixframework.ConfigError"><![CDATA[pt.ist.fenixframework.ConfigError: Config is absent. Explicitly initialize the FenixFramework with FenixFramework.initialize(Config) or via convention by providing a fenix-framework-<NNN>.properties resource before attempting getConfig() (where <NNN> is the name of a BackEnd).
	at pt.ist.socialsoftware.edition.ldod.recommendation.ReadingRecommendationPerformanceTest.setUpAll(ReadingRecommendationPerformanceTest.java)
]]></error>
  </testcase>
</testsuite>